Determining if the pthread_create exist failed with the following output:
Change Dir: /home/nvidia/Documents/git/RSE/P2/workspace/catkin_ws/build/CMakeFiles/CMakeTmp

Run Build Command:"/usr/bin/make" "cmTC_774dc/fast"
/usr/bin/make -f CMakeFiles/cmTC_774dc.dir/build.make CMakeFiles/cmTC_774dc.dir/build
make[1]: Entering directory '/home/nvidia/Documents/git/RSE/P2/workspace/catkin_ws/build/CMakeFiles/CMakeTmp'
Building C object CMakeFiles/cmTC_774dc.dir/CheckSymbolExists.c.o
/usr/bin/cc    -o CMakeFiles/cmTC_774dc.dir/CheckSymbolExists.c.o   -c /home/nvidia/Documents/git/RSE/P2/workspace/catkin_ws/build/CMakeFiles/CMakeTmp/CheckSymbolExists.c
Linking C executable cmTC_774dc
/usr/bin/cmake -E cmake_link_script CMakeFiles/cmTC_774dc.dir/link.txt --verbose=1
/usr/bin/cc      -rdynamic CMakeFiles/cmTC_774dc.dir/CheckSymbolExists.c.o  -o cmTC_774dc 
CMakeFiles/cmTC_774dc.dir/CheckSymbolExists.c.o: In function `main':
CheckSymbolExists.c:(.text+0x14): undefined reference to `pthread_create'
CheckSymbolExists.c:(.text+0x18): undefined reference to `pthread_create'
collect2: error: ld returned 1 exit status
CMakeFiles/cmTC_774dc.dir/build.make:97: recipe for target 'cmTC_774dc' failed
make[1]: *** [cmTC_774dc] Error 1
make[1]: Leaving directory '/home/nvidia/Documents/git/RSE/P2/workspace/catkin_ws/build/CMakeFiles/CMakeTmp'
Makefile:126: recipe for target 'cmTC_774dc/fast' failed
make: *** [cmTC_774dc/fast] Error 2

File /home/nvidia/Documents/git/RSE/P2/workspace/catkin_ws/build/CMakeFiles/CMakeTmp/CheckSymbolExists.c:
/* */
#include <pthread.h>

int main(int argc, char** argv)
{
  (void)argv;
#ifndef pthread_create
  return ((int*)(&pthread_create))[argc];
#else
  (void)argc;
  return 0;
#endif
}

Determining if the function pthread_create exists in the pthreads failed with the following output:
Change Dir: /home/nvidia/Documents/git/RSE/P2/workspace/catkin_ws/build/CMakeFiles/CMakeTmp

Run Build Command:"/usr/bin/make" "cmTC_32b3a/fast"
/usr/bin/make -f CMakeFiles/cmTC_32b3a.dir/build.make CMakeFiles/cmTC_32b3a.dir/build
make[1]: Entering directory '/home/nvidia/Documents/git/RSE/P2/workspace/catkin_ws/build/CMakeFiles/CMakeTmp'
Building C object CMakeFiles/cmTC_32b3a.dir/CheckFunctionExists.c.o
/usr/bin/cc   -DCHECK_FUNCTION_EXISTS=pthread_create   -o CMakeFiles/cmTC_32b3a.dir/CheckFunctionExists.c.o   -c /usr/share/cmake-3.10/Modules/CheckFunctionExists.c
Linking C executable cmTC_32b3a
/usr/bin/cmake -E cmake_link_script CMakeFiles/cmTC_32b3a.dir/link.txt --verbose=1
/usr/bin/cc  -DCHECK_FUNCTION_EXISTS=pthread_create    -rdynamic CMakeFiles/cmTC_32b3a.dir/CheckFunctionExists.c.o  -o cmTC_32b3a -lpthreads 
/usr/bin/ld: cannot find -lpthreads
collect2: error: ld returned 1 exit status
CMakeFiles/cmTC_32b3a.dir/build.make:97: recipe for target 'cmTC_32b3a' failed
make[1]: *** [cmTC_32b3a] Error 1
make[1]: Leaving directory '/home/nvidia/Documents/git/RSE/P2/workspace/catkin_ws/build/CMakeFiles/CMakeTmp'
Makefile:126: recipe for target 'cmTC_32b3a/fast' failed
make: *** [cmTC_32b3a/fast] Error 2


