Determining if the pthread_create exist failed with the following output:
Change Dir: /home/workspace/RSE/L4/workspace/catkin_ws/build/CMakeFiles/CMakeTmp

Run Build Command:"/usr/bin/make" "cmTC_61bec/fast"
/usr/bin/make -f CMakeFiles/cmTC_61bec.dir/build.make CMakeFiles/cmTC_61bec.dir/build
make[1]: Entering directory '/home/workspace/RSE/L4/workspace/catkin_ws/build/CMakeFiles/CMakeTmp'
Building C object CMakeFiles/cmTC_61bec.dir/CheckSymbolExists.c.o
/usr/bin/cc     -o CMakeFiles/cmTC_61bec.dir/CheckSymbolExists.c.o   -c /home/workspace/RSE/L4/workspace/catkin_ws/build/CMakeFiles/CMakeTmp/CheckSymbolExists.c
Linking C executable cmTC_61bec
/usr/bin/cmake -E cmake_link_script CMakeFiles/cmTC_61bec.dir/link.txt --verbose=1
/usr/bin/cc       CMakeFiles/cmTC_61bec.dir/CheckSymbolExists.c.o  -o cmTC_61bec -rdynamic 
CMakeFiles/cmTC_61bec.dir/CheckSymbolExists.c.o: In function `main':
CheckSymbolExists.c:(.text+0x16): undefined reference to `pthread_create'
collect2: error: ld returned 1 exit status
CMakeFiles/cmTC_61bec.dir/build.make:97: recipe for target 'cmTC_61bec' failed
make[1]: *** [cmTC_61bec] Error 1
make[1]: Leaving directory '/home/workspace/RSE/L4/workspace/catkin_ws/build/CMakeFiles/CMakeTmp'
Makefile:126: recipe for target 'cmTC_61bec/fast' failed
make: *** [cmTC_61bec/fast] Error 2

File /home/workspace/RSE/L4/workspace/catkin_ws/build/CMakeFiles/CMakeTmp/CheckSymbolExists.c:
/* */
#include <pthread.h>

int main(int argc, char** argv)
{
  (void)argv;
#ifndef pthread_create
  return ((int*)(&pthread_create))[argc];
#else
  (void)argc;
  return 0;
#endif
}

Determining if the function pthread_create exists in the pthreads failed with the following output:
Change Dir: /home/workspace/RSE/L4/workspace/catkin_ws/build/CMakeFiles/CMakeTmp

Run Build Command:"/usr/bin/make" "cmTC_5626d/fast"
/usr/bin/make -f CMakeFiles/cmTC_5626d.dir/build.make CMakeFiles/cmTC_5626d.dir/build
make[1]: Entering directory '/home/workspace/RSE/L4/workspace/catkin_ws/build/CMakeFiles/CMakeTmp'
Building C object CMakeFiles/cmTC_5626d.dir/CheckFunctionExists.c.o
/usr/bin/cc    -DCHECK_FUNCTION_EXISTS=pthread_create   -o CMakeFiles/cmTC_5626d.dir/CheckFunctionExists.c.o   -c /usr/share/cmake-3.5/Modules/CheckFunctionExists.c
Linking C executable cmTC_5626d
/usr/bin/cmake -E cmake_link_script CMakeFiles/cmTC_5626d.dir/link.txt --verbose=1
/usr/bin/cc   -DCHECK_FUNCTION_EXISTS=pthread_create    CMakeFiles/cmTC_5626d.dir/CheckFunctionExists.c.o  -o cmTC_5626d -rdynamic -lpthreads 
/usr/bin/ld: cannot find -lpthreads
collect2: error: ld returned 1 exit status
CMakeFiles/cmTC_5626d.dir/build.make:97: recipe for target 'cmTC_5626d' failed
make[1]: *** [cmTC_5626d] Error 1
make[1]: Leaving directory '/home/workspace/RSE/L4/workspace/catkin_ws/build/CMakeFiles/CMakeTmp'
Makefile:126: recipe for target 'cmTC_5626d/fast' failed
make: *** [cmTC_5626d/fast] Error 2


