Determining if the pthread_create exist failed with the following output:
Change Dir: /home/nvidia/Documents/git/RSE/P1/workspace_v2/build/CMakeFiles/CMakeTmp

Run Build Command:"/usr/bin/make" "cmTC_701e3/fast"
/usr/bin/make -f CMakeFiles/cmTC_701e3.dir/build.make CMakeFiles/cmTC_701e3.dir/build
make[1]: Entering directory '/home/nvidia/Documents/git/RSE/P1/workspace_v2/build/CMakeFiles/CMakeTmp'
Building C object CMakeFiles/cmTC_701e3.dir/CheckSymbolExists.c.o
/usr/bin/cc    -o CMakeFiles/cmTC_701e3.dir/CheckSymbolExists.c.o   -c /home/nvidia/Documents/git/RSE/P1/workspace_v2/build/CMakeFiles/CMakeTmp/CheckSymbolExists.c
Linking C executable cmTC_701e3
/usr/bin/cmake -E cmake_link_script CMakeFiles/cmTC_701e3.dir/link.txt --verbose=1
/usr/bin/cc      -rdynamic CMakeFiles/cmTC_701e3.dir/CheckSymbolExists.c.o  -o cmTC_701e3 
CMakeFiles/cmTC_701e3.dir/CheckSymbolExists.c.o: In function `main':
CheckSymbolExists.c:(.text+0x14): undefined reference to `pthread_create'
CheckSymbolExists.c:(.text+0x18): undefined reference to `pthread_create'
collect2: error: ld returned 1 exit status
CMakeFiles/cmTC_701e3.dir/build.make:97: recipe for target 'cmTC_701e3' failed
make[1]: *** [cmTC_701e3] Error 1
make[1]: Leaving directory '/home/nvidia/Documents/git/RSE/P1/workspace_v2/build/CMakeFiles/CMakeTmp'
Makefile:126: recipe for target 'cmTC_701e3/fast' failed
make: *** [cmTC_701e3/fast] Error 2

File /home/nvidia/Documents/git/RSE/P1/workspace_v2/build/CMakeFiles/CMakeTmp/CheckSymbolExists.c:
/* */
#include <pthread.h>

int main(int argc, char** argv)
{
  (void)argv;
#ifndef pthread_create
  return ((int*)(&pthread_create))[argc];
#else
  (void)argc;
  return 0;
#endif
}

Determining if the function pthread_create exists in the pthreads failed with the following output:
Change Dir: /home/nvidia/Documents/git/RSE/P1/workspace_v2/build/CMakeFiles/CMakeTmp

Run Build Command:"/usr/bin/make" "cmTC_58a77/fast"
/usr/bin/make -f CMakeFiles/cmTC_58a77.dir/build.make CMakeFiles/cmTC_58a77.dir/build
make[1]: Entering directory '/home/nvidia/Documents/git/RSE/P1/workspace_v2/build/CMakeFiles/CMakeTmp'
Building C object CMakeFiles/cmTC_58a77.dir/CheckFunctionExists.c.o
/usr/bin/cc   -DCHECK_FUNCTION_EXISTS=pthread_create   -o CMakeFiles/cmTC_58a77.dir/CheckFunctionExists.c.o   -c /usr/share/cmake-3.10/Modules/CheckFunctionExists.c
Linking C executable cmTC_58a77
/usr/bin/cmake -E cmake_link_script CMakeFiles/cmTC_58a77.dir/link.txt --verbose=1
/usr/bin/cc  -DCHECK_FUNCTION_EXISTS=pthread_create    -rdynamic CMakeFiles/cmTC_58a77.dir/CheckFunctionExists.c.o  -o cmTC_58a77 -lpthreads 
/usr/bin/ld: cannot find -lpthreads
collect2: error: ld returned 1 exit status
CMakeFiles/cmTC_58a77.dir/build.make:97: recipe for target 'cmTC_58a77' failed
make[1]: *** [cmTC_58a77] Error 1
make[1]: Leaving directory '/home/nvidia/Documents/git/RSE/P1/workspace_v2/build/CMakeFiles/CMakeTmp'
Makefile:126: recipe for target 'cmTC_58a77/fast' failed
make: *** [cmTC_58a77/fast] Error 2


